

*******************************************************************************
Mon Dec 13 19:25:38 2021


FIT:    data read from "Analysis/minV_d100.txt" u (log($1)):(log($2))
        format = x:z
BREAK: No data to fit

*******************************************************************************
Mon Dec 13 19:25:43 2021


FIT:    data read from "Analysis/minV_d100.txt" u (log($1)):(log(-$2))
        format = x:z
        #datapoints = 20
        residuals are weighted equally (unit weight)

function used for fitting: f(x)
	f(x) = a*x+b
fitted parameters initialized with current variable values

iter      chisq       delta/lim  lambda   a             b            
   0 1.4263219208e+02   0.00e+00  2.49e+00    1.000000e+00   1.000000e+00
   4 2.9982952388e-02  -3.55e-01  2.49e-04    7.282960e-01  -7.565355e-01

After 4 iterations the fit converged.
final sum of squares of residuals : 0.029983
rel. change during last iteration : -3.54819e-06

degrees of freedom    (FIT_NDF)                        : 18
rms of residuals      (FIT_STDFIT) = sqrt(WSSR/ndf)    : 0.0408132
variance of residuals (reduced chisquare) = WSSR/ndf   : 0.00166572

Final set of parameters            Asymptotic Standard Error
=======================            ==========================
a               = 0.728296         +/- 0.02187      (3.002%)
b               = -0.756536        +/- 0.07391      (9.769%)

correlation matrix of the fit parameters:
                a      b      
a               1.000 
b              -0.992  1.000 
